<?xml version="1.0" encoding="UTF-8"?>
<testsuite xmlns:xsi="http://www.w3.org/2001/XMLSchema-instance" xsi:noNamespaceSchemaLocation="https://maven.apache.org/surefire/maven-surefire-plugin/xsd/surefire-test-report.xsd" name="cn.lhx.dishsys.DishsysApplicationTests" time="6.937" tests="5" errors="0" skipped="0" failures="0">
  <properties>
[...]
</properties>
  <testcase name="testMenu" classname="cn.lhx.dishsys.DishsysApplicationTests" time="0.192"/>
  <testcase name="pers" classname="cn.lhx.dishsys.DishsysApplicationTests" time="0.002"/>
  <testcase name="test" classname="cn.lhx.dishsys.DishsysApplicationTests" time="0.403"/>
  <testcase name="test1" classname="cn.lhx.dishsys.DishsysApplicationTests" time="0.009"/>
  <testcase name="contextLoads" classname="cn.lhx.dishsys.DishsysApplicationTests" time="0.002"/>
</testsuite>